<?xml version="1.0" encoding="UTF-8"?>
<testng-results skipped="0" failed="0" ignored="0" total="1" passed="1">
  <reporter-output>
  </reporter-output>
  <suite name="Default suite" duration-ms="14790" started-at="2017-02-10T05:56:21Z" finished-at="2017-02-10T05:56:36Z">
    <groups>
    </groups>
    <test name="Default test" duration-ms="14790" started-at="2017-02-10T05:56:21Z" finished-at="2017-02-10T05:56:36Z">
      <class name="epackage.TestCase10">
        <test-method status="PASS" signature="setUp()[pri:0, instance:epackage.TestCase10@d8355a8]" name="setUp" is-config="true" duration-ms="2902" started-at="2017-02-10T00:56:21Z" finished-at="2017-02-10T00:56:24Z">
          <reporter-output>
          </reporter-output>
        </test-method> <!-- setUp -->
        <test-method status="PASS" signature="testTestCase10()[pri:0, instance:epackage.TestCase10@d8355a8]" name="testTestCase10" duration-ms="11864" started-at="2017-02-10T00:56:24Z" finished-at="2017-02-10T00:56:36Z">
          <reporter-output>
          </reporter-output>
        </test-method> <!-- testTestCase10 -->
      </class> <!-- epackage.TestCase10 -->
    </test> <!-- Default test -->
  </suite> <!-- Default suite -->
</testng-results>
